[   11056ms] [INFO] %cDownload the React DevTools for a better development experience: https://react.dev/link/react-devtools font-weight:bold @ http://localhost:5173/node_modules/.vite/deps/react-dom_client.js?v=e46d0c0f:14337
[   11110ms] [ERROR] Failed to load resource: the server responded with a status of 502 (Bad Gateway) @ http://localhost:5173/api/event-types:0
[   12115ms] [ERROR] Failed to load resource: the server responded with a status of 502 (Bad Gateway) @ http://localhost:5173/api/event-types:0
[   70867ms] [INFO] %cDownload the React DevTools for a better development experience: https://react.dev/link/react-devtools font-weight:bold @ http://localhost:5173/node_modules/.vite/deps/react-dom_client.js?v=e46d0c0f:14337
[   70923ms] [ERROR] Failed to load resource: the server responded with a status of 502 (Bad Gateway) @ http://localhost:5173/api/event-types:0
[   71928ms] [ERROR] Failed to load resource: the server responded with a status of 502 (Bad Gateway) @ http://localhost:5173/api/event-types:0
[  393955ms] [ERROR] Failed to load resource: net::ERR_EMPTY_RESPONSE @ http://localhost:5173/src/pages/BookingConfirmationPage.tsx?t=1777032018128:0
[  393955ms] [ERROR] [vite] Failed to reload /src/pages/BookingConfirmationPage.tsx. This could be due to syntax errors or importing non-existent modules. (see errors above) @ http://localhost:5173/@vite/client:904
[  393956ms] [ERROR] Failed to load resource: net::ERR_EMPTY_RESPONSE @ http://localhost:5173/src/pages/EventTypesListPage.tsx?t=1777032018128:0
[  393956ms] [ERROR] Failed to load resource: net::ERR_EMPTY_RESPONSE @ http://localhost:5173/src/pages/BookingPage.tsx?t=1777032018128:0
[  393956ms] [ERROR] Failed to load resource: net::ERR_EMPTY_RESPONSE @ http://localhost:5173/src/components/guest/BookingForm.tsx?t=1777032018128:0
[  393956ms] [ERROR] Failed to load resource: net::ERR_EMPTY_RESPONSE @ http://localhost:5173/src/components/admin/EventTypesManager.tsx?t=1777032018128:0
[  393956ms] [ERROR] [vite] Failed to reload /src/pages/EventTypesListPage.tsx. This could be due to syntax errors or importing non-existent modules. (see errors above) @ http://localhost:5173/@vite/client:904
[  393956ms] [ERROR] Failed to load resource: net::ERR_CONNECTION_RESET @ http://localhost:5173/src/components/guest/TimeSlotSelector.tsx?t=1777032018128:0
[  393956ms] [ERROR] [vite] Failed to reload /src/pages/BookingPage.tsx. This could be due to syntax errors or importing non-existent modules. (see errors above) @ http://localhost:5173/@vite/client:904
[  393956ms] [ERROR] Failed to load resource: net::ERR_SOCKET_NOT_CONNECTED @ http://localhost:5173/src/components/admin/UpcomingMeetingsList.tsx?t=1777032018128:0
[  393956ms] [ERROR] [vite] Failed to reload /src/components/guest/BookingForm.tsx. This could be due to syntax errors or importing non-existent modules. (see errors above) @ http://localhost:5173/@vite/client:904
[  393956ms] [ERROR] [vite] Failed to reload /src/components/admin/EventTypesManager.tsx. This could be due to syntax errors or importing non-existent modules. (see errors above) @ http://localhost:5173/@vite/client:904
[  393956ms] [ERROR] [vite] Failed to reload /src/components/guest/TimeSlotSelector.tsx. This could be due to syntax errors or importing non-existent modules. (see errors above) @ http://localhost:5173/@vite/client:904
[  393957ms] [ERROR] [vite] Failed to reload /src/components/admin/UpcomingMeetingsList.tsx. This could be due to syntax errors or importing non-existent modules. (see errors above) @ http://localhost:5173/@vite/client:904
[  393971ms] [ERROR] Failed to load resource: the server responded with a status of 404 () @ chrome-error://chromewebdata/:0
